[debug] [2022-12-08T11:26:38.055Z] ----------------------------------------------------------------------
[debug] [2022-12-08T11:26:38.057Z] Command:       C:\Program Files\nodejs\node.exe C:\Users\ADMIN\AppData\Roaming\npm\node_modules\firebase-tools\lib\bin\firebase.js init hosting
[debug] [2022-12-08T11:26:38.057Z] CLI Version:   11.17.0
[debug] [2022-12-08T11:26:38.057Z] Platform:      win32
[debug] [2022-12-08T11:26:38.057Z] Node Version:  v19.1.0
[debug] [2022-12-08T11:26:38.057Z] Time:          Thu Dec 08 2022 14:26:38 GMT+0300 (Arabian Standard Time)
[debug] [2022-12-08T11:26:38.057Z] ----------------------------------------------------------------------
[debug] 
[debug] [2022-12-08T11:26:38.093Z] > command requires scopes: ["email","openid","https://www.googleapis.com/auth/cloudplatformprojects.readonly","https://www.googleapis.com/auth/firebase","https://www.googleapis.com/auth/cloud-platform"]
[debug] [2022-12-08T11:26:38.093Z] > authorizing via signed-in user (ahmad.h.qadoura@gmail.com)
[info] 
     ######## #### ########  ######## ########     ###     ######  ########
     ##        ##  ##     ## ##       ##     ##  ##   ##  ##       ##
     ######    ##  ########  ######   ########  #########  ######  ######
     ##        ##  ##    ##  ##       ##     ## ##     ##       ## ##
     ##       #### ##     ## ######## ########  ##     ##  ######  ########

You're about to initialize a Firebase project in this directory:

  D:\Personal\Meraki\Projects\File Manager\File_Manager

Before we get started, keep in mind:

  * You are initializing within an existing Firebase project directory

[info] 
=== Project Setup
[info] 
[info] First, let's associate this project directory with a Firebase project.
[info] You can create multiple project aliases by running firebase use --add, 
[info] but for now we'll just set up a default project.
[info] 
[debug] [2022-12-08T11:26:38.116Z] Using project from CLI flag: file-manager-b8771
[debug] [2022-12-08T11:26:38.117Z] >>> [apiv2][query] GET https://firebase.googleapis.com/v1beta1/projects/file-manager-b8771 [none]
[debug] [2022-12-08T11:26:38.736Z] <<< [apiv2][status] GET https://firebase.googleapis.com/v1beta1/projects/file-manager-b8771 200
[debug] [2022-12-08T11:26:38.736Z] <<< [apiv2][body] GET https://firebase.googleapis.com/v1beta1/projects/file-manager-b8771 {"projectId":"file-manager-b8771","projectNumber":"370916690882","displayName":"File Manager","name":"projects/file-manager-b8771","resources":{"hostingSite":"file-manager-b8771","storageBucket":"file-manager-b8771.appspot.com","locationId":"europe-west"},"state":"ACTIVE","etag":"1_be6e4e4f-faef-4679-a677-309541e7dc9f"}
[info] i  Using project file-manager-b8771 (File Manager) 
[info] 
=== Hosting Setup
[info] 
[info] Your public directory is the folder (relative to your project directory) that
[info] will contain Hosting assets to be uploaded with firebase deploy. If you
[info] have a build process for your assets, use your build's output directory.
[info] 
